#
# There is insufficient memory for the Java Runtime Environment to continue.
# Native memory allocation (malloc) failed to allocate 32744 bytes for ChunkPool::allocate
# Possible reasons:
#   The system is out of physical RAM or swap space
#   The process is running with CompressedOops enabled, and the Java Heap may be blocking the growth of the native heap
# Possible solutions:
#   Reduce memory load on the system
#   Increase physical memory or swap space
#   Check if swap backing store is full
#   Decrease Java heap size (-Xmx/-Xms)
#   Decrease number of Java threads
#   Decrease Java thread stack sizes (-Xss)
#   Set larger code cache with -XX:ReservedCodeCacheSize=
#   JVM is running with Unscaled Compressed Oops mode in which the Java heap is
#     placed in the first 4GB address space. The Java Heap base address is the
#     maximum limit for the native heap growth. Please use -XX:HeapBaseMinAddress
#     to set the Java Heap base and to place the Java Heap above 4GB virtual address.
# This output file may be truncated or incomplete.
#
#  Out of Memory Error (arena.cpp:79), pid=16004, tid=22516
#
# JRE version: OpenJDK Runtime Environment Temurin-17.0.9+9 (17.0.9+9) (build 17.0.9+9)
# Java VM: OpenJDK 64-Bit Server VM Temurin-17.0.9+9 (17.0.9+9, mixed mode, tiered, compressed oops, compressed class ptrs, g1 gc, windows-amd64)
# No core dump will be written. Minidumps are not enabled by default on client versions of Windows
#

---------------  S U M M A R Y ------------

Command Line: -ea -Dfile.encoding=UTF-8 -XX:+ShowCodeDetailsInExceptionMessages org.testng.remote.RemoteTestNG -serport 57135 -protocol json -d C:\Users\2303984\eclipse-workspace\HackathonProject\test-output C:\Users\2303984\AppData\Local\Temp\10\testng-eclipse--634428750\testng-customsuite.xml

Host: AMD Ryzen 5 PRO 3500U w/ Radeon Vega Mobile Gfx, 8 cores, 5G,  Windows 11 , 64 bit Build 22000 (10.0.22000.2600)
Time: Sun Feb 25 15:56:51 2024 India Standard Time elapsed time: 115.399856 seconds (0d 0h 1m 55s)

---------------  T H R E A D  ---------------

Current thread (0x000002d8418b52d0):  JavaThread "C2 CompilerThread0" daemon [_thread_in_native, id=22516, stack(0x000000e36de00000,0x000000e36df00000)]


Current CompileTask:
C2: 115400 5762       4       java.lang.String::trim (35 bytes)

Stack: [0x000000e36de00000,0x000000e36df00000]
Native frames: (J=compiled Java code, j=interpreted, Vv=VM code, C=native code)
V  [jvm.dll+0x67cf49]
V  [jvm.dll+0x83478a]
V  [jvm.dll+0x83624e]
V  [jvm.dll+0x8368b3]
V  [jvm.dll+0x247f1f]
V  [jvm.dll+0xac65c]
V  [jvm.dll+0xaca8c]
V  [jvm.dll+0x2af4b5]
V  [jvm.dll+0x5853f7]
V  [jvm.dll+0x222f62]
V  [jvm.dll+0x21c202]
V  [jvm.dll+0x2198c1]
V  [jvm.dll+0x1a57cd]
V  [jvm.dll+0x2297ae]
V  [jvm.dll+0x22797c]
V  [jvm.dll+0x7e9877]
V  [jvm.dll+0x7e3c3a]
V  [jvm.dll+0x67be35]
C  [ucrtbase.dll+0x26c0c]
C  [KERNEL32.DLL+0x153e0]
C  [ntdll.dll+0x485b]


---------------  P R O C E S S  ---------------

Threads class SMR info:
_java_thread_list=0x000002d846f445e0, length=28, elements={
0x000002d828c045b0, 0x000002d841861910, 0x000002d841863580, 0x000002d84186cf00,
0x000002d84188cda0, 0x000002d84188d670, 0x000002d84188df40, 0x000002d8418b52d0,
0x000002d8419206f0, 0x000002d8419257a0, 0x000002d841a3fb30, 0x000002d841a62a40,
0x000002d8465aa370, 0x000002d846a1cec0, 0x000002d8464c8a50, 0x000002d8464c8f30,
0x000002d8464c9410, 0x000002d846a60970, 0x000002d846a60e50, 0x000002d846d7cda0,
0x000002d846d7d2b0, 0x000002d846d7d7c0, 0x000002d846d7ec00, 0x000002d846d7f620,
0x000002d846d7f110, 0x000002d846d7e1e0, 0x000002d846d7e6f0, 0x000002d846d7dcd0
}

Java Threads: ( => current thread )
  0x000002d828c045b0 JavaThread "Forwarding findElement on session dd16c329df37d2ed79740076e80c4335 to remote" [_thread_blocked, id=29548, stack(0x000000e36d100000,0x000000e36d200000)]
  0x000002d841861910 JavaThread "Reference Handler" daemon [_thread_blocked, id=24816, stack(0x000000e36d800000,0x000000e36d900000)]
  0x000002d841863580 JavaThread "Finalizer" daemon [_thread_blocked, id=11752, stack(0x000000e36d900000,0x000000e36da00000)]
  0x000002d84186cf00 JavaThread "Signal Dispatcher" daemon [_thread_blocked, id=33144, stack(0x000000e36da00000,0x000000e36db00000)]
  0x000002d84188cda0 JavaThread "Attach Listener" daemon [_thread_blocked, id=32328, stack(0x000000e36db00000,0x000000e36dc00000)]
  0x000002d84188d670 JavaThread "Service Thread" daemon [_thread_blocked, id=19680, stack(0x000000e36dc00000,0x000000e36dd00000)]
  0x000002d84188df40 JavaThread "Monitor Deflation Thread" daemon [_thread_blocked, id=7920, stack(0x000000e36dd00000,0x000000e36de00000)]
=>0x000002d8418b52d0 JavaThread "C2 CompilerThread0" daemon [_thread_in_native, id=22516, stack(0x000000e36de00000,0x000000e36df00000)]
  0x000002d8419206f0 JavaThread "C1 CompilerThread0" daemon [_thread_blocked, id=30536, stack(0x000000e36df00000,0x000000e36e000000)]
  0x000002d8419257a0 JavaThread "Sweeper thread" daemon [_thread_blocked, id=30852, stack(0x000000e36e000000,0x000000e36e100000)]
  0x000002d841a3fb30 JavaThread "Notification Thread" daemon [_thread_blocked, id=22124, stack(0x000000e36e100000,0x000000e36e200000)]
  0x000002d841a62a40 JavaThread "Common-Cleaner" daemon [_thread_blocked, id=27256, stack(0x000000e36e300000,0x000000e36e400000)]
  0x000002d8465aa370 JavaThread "ReaderThread" [_thread_in_native, id=1392, stack(0x000000e36e500000,0x000000e36e600000)]
  0x000002d846a1cec0 JavaThread "ForkJoinPool.commonPool-worker-1" daemon [_thread_blocked, id=34648, stack(0x000000e36e600000,0x000000e36e700000)]
  0x000002d8464c8a50 JavaThread "ForkJoinPool.commonPool-worker-2" daemon [_thread_blocked, id=8132, stack(0x000000e36e700000,0x000000e36e800000)]
  0x000002d8464c8f30 JavaThread "ForkJoinPool.commonPool-worker-3" daemon [_thread_blocked, id=25980, stack(0x000000e36e800000,0x000000e36e900000)]
  0x000002d8464c9410 JavaThread "ForkJoinPool.commonPool-worker-4" daemon [_thread_blocked, id=19500, stack(0x000000e36e900000,0x000000e36ea00000)]
  0x000002d846a60970 JavaThread "ForkJoinPool.commonPool-worker-5" daemon [_thread_blocked, id=12776, stack(0x000000e36ea00000,0x000000e36eb00000)]
  0x000002d846a60e50 JavaThread "ForkJoinPool.commonPool-worker-6" daemon [_thread_blocked, id=27472, stack(0x000000e36eb00000,0x000000e36ec00000)]
  0x000002d846d7cda0 JavaThread "ForkJoinPool.commonPool-worker-7" daemon [_thread_blocked, id=31564, stack(0x000000e36ec00000,0x000000e36ed00000)]
  0x000002d846d7d2b0 JavaThread "HttpClient-1-SelectorManager" daemon [_thread_in_native, id=13836, stack(0x000000e36f700000,0x000000e36f800000)]
  0x000002d846d7d7c0 JavaThread "External Process Output Forwarder - C:\Users\2303984\.cache\selenium\chromedriver\win64\120.0.6099.109\chromedriver.exe" daemon [_thread_in_native, id=12308, stack(0x000000e36f800000,0x000000e36f900000)]
  0x000002d846d7ec00 JavaThread "Driver Service Executor" daemon [_thread_blocked, id=12928, stack(0x000000e36f900000,0x000000e36fa00000)]
  0x000002d846d7f620 JavaThread "Driver Service Executor" daemon [_thread_blocked, id=12672, stack(0x000000e36fa00000,0x000000e36fb00000)]
  0x000002d846d7f110 JavaThread "pool-1-thread-1" [_thread_blocked, id=11920, stack(0x000000e36fd00000,0x000000e36fe00000)]
  0x000002d846d7e1e0 JavaThread "pool-1-thread-2" [_thread_blocked, id=17712, stack(0x000000e36fe00000,0x000000e36ff00000)]
  0x000002d846d7e6f0 JavaThread "pool-1-thread-3" [_thread_blocked, id=30960, stack(0x000000e36ff00000,0x000000e370000000)]
  0x000002d846d7dcd0 JavaThread "HttpClient-2-SelectorManager" daemon [_thread_in_native, id=13756, stack(0x000000e36fc00000,0x000000e36fd00000)]

Other Threads:
  0x000002d841851550 VMThread "VM Thread" [stack: 0x000000e36d700000,0x000000e36d800000] [id=20984]
  0x000002d841a46030 WatcherThread [stack: 0x000000e36e200000,0x000000e36e300000] [id=17308]
  0x000002d828c4f420 GCTaskThread "GC Thread#0" [stack: 0x000000e36d200000,0x000000e36d300000] [id=21272]
  0x000002d846d80850 GCTaskThread "GC Thread#1" [stack: 0x000000e36ed00000,0x000000e36ee00000] [id=26440]
  0x000002d846d80b10 GCTaskThread "GC Thread#2" [stack: 0x000000e36ee00000,0x000000e36ef00000] [id=12792]
  0x000002d8467fdf40 GCTaskThread "GC Thread#3" [stack: 0x000000e36ef00000,0x000000e36f000000] [id=32848]
  0x000002d846d96cb0 GCTaskThread "GC Thread#4" [stack: 0x000000e36f000000,0x000000e36f100000] [id=28220]
  0x000002d846d97f80 GCTaskThread "GC Thread#5" [stack: 0x000000e36f100000,0x000000e36f200000] [id=14560]
  0x000002d846d98240 GCTaskThread "GC Thread#6" [stack: 0x000000e36f200000,0x000000e36f300000] [id=19516]
  0x000002d8476b3860 GCTaskThread "GC Thread#7" [stack: 0x000000e36f400000,0x000000e36f500000] [id=31684]
  0x000002d828c5bfb0 ConcurrentGCThread "G1 Main Marker" [stack: 0x000000e36d300000,0x000000e36d400000] [id=34496]
  0x000002d828c5c9d0 ConcurrentGCThread "G1 Conc#0" [stack: 0x000000e36d400000,0x000000e36d500000] [id=22240]
  0x000002d8476b32e0 ConcurrentGCThread "G1 Conc#1" [stack: 0x000000e36f600000,0x000000e36f700000] [id=3032]
  0x000002d8416b00a0 ConcurrentGCThread "G1 Refine#0" [stack: 0x000000e36d500000,0x000000e36d600000] [id=27824]
  0x000002d8467fe200 ConcurrentGCThread "G1 Refine#1" [stack: 0x000000e36f300000,0x000000e36f400000] [id=19636]
  0x000002d8416b19f0 ConcurrentGCThread "G1 Service" [stack: 0x000000e36d600000,0x000000e36d700000] [id=30296]

Threads with active compile tasks:
C2 CompilerThread0   115560 5762       4       java.lang.String::trim (35 bytes)

VM state: not at safepoint (normal execution)

VM Mutex/Monitor currently owned by a thread: None

Heap address: 0x00000000a1e00000, size: 1506 MB, Compressed Oops mode: 32-bit

CDS archive(s) not mapped
Compressed class space mapped at: 0x0000000100000000-0x0000000140000000, reserved size: 1073741824
Narrow klass base: 0x0000000000000000, Narrow klass shift: 3, Narrow klass range: 0x140000000

GC Precious Log:
 CPUs: 8 total, 8 available
 Memory: 6022M
 Large Page Support: Disabled
 NUMA Support: Disabled
 Compressed Oops: Enabled (32-bit)
 Heap Region Size: 1M
 Heap Min Capacity: 8M
 Heap Initial Capacity: 96M
 Heap Max Capacity: 1506M
 Pre-touch: Disabled
 Parallel Workers: 8
 Concurrent Workers: 2
 Concurrent Refinement Workers: 8
 Periodic GC: Disabled

Heap:
 garbage-first heap   total 55296K, used 32119K [0x00000000a1e00000, 0x0000000100000000)
  region size 1024K, 20 young (20480K), 3 survivors (3072K)
 Metaspace       used 40753K, committed 41216K, reserved 1114112K
  class space    used 4626K, committed 4864K, reserved 1048576K

Heap Regions: E=young(eden), S=young(survivor), O=old, HS=humongous(starts), HC=humongous(continues), CS=collection set, F=free, OA=open archive, CA=closed archive, TAMS=top-at-mark-start (previous, next)
|   0|0x00000000a1e00000, 0x00000000a1f00000, 0x00000000a1f00000|100%| O|  |TAMS 0x00000000a1f00000, 0x00000000a1e00000| Untracked 
|   1|0x00000000a1f00000, 0x00000000a2000000, 0x00000000a2000000|100%| O|  |TAMS 0x00000000a2000000, 0x00000000a1f00000| Untracked 
|   2|0x00000000a2000000, 0x00000000a2100000, 0x00000000a2100000|100%| O|  |TAMS 0x00000000a2100000, 0x00000000a2000000| Untracked 
|   3|0x00000000a2100000, 0x00000000a2200000, 0x00000000a2200000|100%| O|  |TAMS 0x00000000a2200000, 0x00000000a2100000| Untracked 
|   4|0x00000000a2200000, 0x00000000a2300000, 0x00000000a2300000|100%| O|  |TAMS 0x00000000a2300000, 0x00000000a2200000| Untracked 
|   5|0x00000000a2300000, 0x00000000a2400000, 0x00000000a2400000|100%| O|  |TAMS 0x00000000a2400000, 0x00000000a2300000| Untracked 
|   6|0x00000000a2400000, 0x00000000a2500000, 0x00000000a2500000|100%| O|  |TAMS 0x00000000a2500000, 0x00000000a2400000| Untracked 
|   7|0x00000000a2500000, 0x00000000a2600000, 0x00000000a2600000|100%| O|  |TAMS 0x00000000a2600000, 0x00000000a2500000| Untracked 
|   8|0x00000000a2600000, 0x00000000a2700000, 0x00000000a2700000|100%| O|  |TAMS 0x00000000a2700000, 0x00000000a2600000| Untracked 
|   9|0x00000000a2700000, 0x00000000a2800000, 0x00000000a2800000|100%| O|  |TAMS 0x00000000a2800000, 0x00000000a2700000| Untracked 
|  10|0x00000000a2800000, 0x00000000a2900000, 0x00000000a2900000|100%| O|  |TAMS 0x00000000a2900000, 0x00000000a2800000| Untracked 
|  11|0x00000000a2900000, 0x00000000a2a00000, 0x00000000a2a00000|100%| O|  |TAMS 0x00000000a2a00000, 0x00000000a2900000| Untracked 
|  12|0x00000000a2a00000, 0x00000000a2ac1800, 0x00000000a2b00000| 75%| O|  |TAMS 0x00000000a2a3ae00, 0x00000000a2a00000| Untracked 
|  13|0x00000000a2b00000, 0x00000000a2b79e00, 0x00000000a2c00000| 47%| O|  |TAMS 0x00000000a2b00000, 0x00000000a2b00000| Untracked 
|  14|0x00000000a2c00000, 0x00000000a2c00000, 0x00000000a2d00000|  0%| F|  |TAMS 0x00000000a2c00000, 0x00000000a2c00000| Untracked 
|  15|0x00000000a2d00000, 0x00000000a2d00000, 0x00000000a2e00000|  0%| F|  |TAMS 0x00000000a2d00000, 0x00000000a2d00000| Untracked 
|  16|0x00000000a2e00000, 0x00000000a2e00000, 0x00000000a2f00000|  0%| F|  |TAMS 0x00000000a2e00000, 0x00000000a2e00000| Untracked 
|  17|0x00000000a2f00000, 0x00000000a2f00000, 0x00000000a3000000|  0%| F|  |TAMS 0x00000000a2f00000, 0x00000000a2f00000| Untracked 
|  18|0x00000000a3000000, 0x00000000a3000000, 0x00000000a3100000|  0%| F|  |TAMS 0x00000000a3000000, 0x00000000a3000000| Untracked 
|  19|0x00000000a3100000, 0x00000000a3100000, 0x00000000a3200000|  0%| F|  |TAMS 0x00000000a3100000, 0x00000000a3100000| Untracked 
|  20|0x00000000a3200000, 0x00000000a3200000, 0x00000000a3300000|  0%| F|  |TAMS 0x00000000a3200000, 0x00000000a3200000| Untracked 
|  21|0x00000000a3300000, 0x00000000a3300000, 0x00000000a3400000|  0%| F|  |TAMS 0x00000000a3300000, 0x00000000a3300000| Untracked 
|  22|0x00000000a3400000, 0x00000000a34229f8, 0x00000000a3500000| 13%| S|CS|TAMS 0x00000000a3400000, 0x00000000a3400000| Complete 
|  23|0x00000000a3500000, 0x00000000a3600000, 0x00000000a3600000|100%| S|CS|TAMS 0x00000000a3500000, 0x00000000a3500000| Complete 
|  24|0x00000000a3600000, 0x00000000a3700000, 0x00000000a3700000|100%| S|CS|TAMS 0x00000000a3600000, 0x00000000a3600000| Complete 
|  25|0x00000000a3700000, 0x00000000a3700000, 0x00000000a3800000|  0%| F|  |TAMS 0x00000000a3700000, 0x00000000a3700000| Untracked 
|  26|0x00000000a3800000, 0x00000000a3800000, 0x00000000a3900000|  0%| F|  |TAMS 0x00000000a3800000, 0x00000000a3800000| Untracked 
|  27|0x00000000a3900000, 0x00000000a3900000, 0x00000000a3a00000|  0%| F|  |TAMS 0x00000000a3900000, 0x00000000a3900000| Untracked 
|  28|0x00000000a3a00000, 0x00000000a3a00000, 0x00000000a3b00000|  0%| F|  |TAMS 0x00000000a3a00000, 0x00000000a3a00000| Untracked 
|  29|0x00000000a3b00000, 0x00000000a3b00000, 0x00000000a3c00000|  0%| F|  |TAMS 0x00000000a3b00000, 0x00000000a3b00000| Untracked 
|  30|0x00000000a3c00000, 0x00000000a3c00000, 0x00000000a3d00000|  0%| F|  |TAMS 0x00000000a3c00000, 0x00000000a3c00000| Untracked 
|  31|0x00000000a3d00000, 0x00000000a3d00000, 0x00000000a3e00000|  0%| F|  |TAMS 0x00000000a3d00000, 0x00000000a3d00000| Untracked 
|  32|0x00000000a3e00000, 0x00000000a3e00000, 0x00000000a3f00000|  0%| F|  |TAMS 0x00000000a3e00000, 0x00000000a3e00000| Untracked 
|  33|0x00000000a3f00000, 0x00000000a3f00000, 0x00000000a4000000|  0%| F|  |TAMS 0x00000000a3f00000, 0x00000000a3f00000| Untracked 
|  34|0x00000000a4000000, 0x00000000a4000000, 0x00000000a4100000|  0%| F|  |TAMS 0x00000000a4000000, 0x00000000a4000000| Untracked 
|  35|0x00000000a4100000, 0x00000000a4100000, 0x00000000a4200000|  0%| F|  |TAMS 0x00000000a4100000, 0x00000000a4100000| Untracked 
|  36|0x00000000a4200000, 0x00000000a4200000, 0x00000000a4300000|  0%| F|  |TAMS 0x00000000a4200000, 0x00000000a4200000| Untracked 
|  37|0x00000000a4300000, 0x00000000a43d1818, 0x00000000a4400000| 81%| E|  |TAMS 0x00000000a4300000, 0x00000000a4300000| Complete 
|  38|0x00000000a4400000, 0x00000000a4500000, 0x00000000a4500000|100%| E|CS|TAMS 0x00000000a4400000, 0x00000000a4400000| Complete 
|  39|0x00000000a4500000, 0x00000000a4600000, 0x00000000a4600000|100%| E|CS|TAMS 0x00000000a4500000, 0x00000000a4500000| Complete 
|  40|0x00000000a4600000, 0x00000000a4700000, 0x00000000a4700000|100%| E|CS|TAMS 0x00000000a4600000, 0x00000000a4600000| Complete 
|  41|0x00000000a4700000, 0x00000000a4800000, 0x00000000a4800000|100%| E|CS|TAMS 0x00000000a4700000, 0x00000000a4700000| Complete 
|  42|0x00000000a4800000, 0x00000000a4900000, 0x00000000a4900000|100%| E|CS|TAMS 0x00000000a4800000, 0x00000000a4800000| Complete 
|  43|0x00000000a4900000, 0x00000000a4a00000, 0x00000000a4a00000|100%| E|CS|TAMS 0x00000000a4900000, 0x00000000a4900000| Complete 
|  44|0x00000000a4a00000, 0x00000000a4b00000, 0x00000000a4b00000|100%| E|CS|TAMS 0x00000000a4a00000, 0x00000000a4a00000| Complete 
|  45|0x00000000a4b00000, 0x00000000a4c00000, 0x00000000a4c00000|100%| E|CS|TAMS 0x00000000a4b00000, 0x00000000a4b00000| Complete 
|  46|0x00000000a4c00000, 0x00000000a4d00000, 0x00000000a4d00000|100%| E|CS|TAMS 0x00000000a4c00000, 0x00000000a4c00000| Complete 
|  47|0x00000000a4d00000, 0x00000000a4e00000, 0x00000000a4e00000|100%| E|CS|TAMS 0x00000000a4d00000, 0x00000000a4d00000| Complete 
|  48|0x00000000a4e00000, 0x00000000a4f00000, 0x00000000a4f00000|100%| E|CS|TAMS 0x00000000a4e00000, 0x00000000a4e00000| Complete 
|  49|0x00000000a4f00000, 0x00000000a5000000, 0x00000000a5000000|100%| E|CS|TAMS 0x00000000a4f00000, 0x00000000a4f00000| Complete 
|  50|0x00000000a5000000, 0x00000000a5100000, 0x00000000a5100000|100%| E|CS|TAMS 0x00000000a5000000, 0x00000000a5000000| Complete 
|  51|0x00000000a5100000, 0x00000000a5200000, 0x00000000a5200000|100%| E|CS|TAMS 0x00000000a5100000, 0x00000000a5100000| Complete 
|  52|0x00000000a5200000, 0x00000000a5300000, 0x00000000a5300000|100%| E|CS|TAMS 0x00000000a5200000, 0x00000000a5200000| Complete 
|  95|0x00000000a7d00000, 0x00000000a7e00000, 0x00000000a7e00000|100%| E|CS|TAMS 0x00000000a7d00000, 0x00000000a7d00000| Complete 

Card table byte_map: [0x000002d83b8f0000,0x000002d83bbf0000] _byte_map_base: 0x000002d83b3e1000

Marking Bits (Prev, Next): (CMBitMap*) 0x000002d828c4fa40, (CMBitMap*) 0x000002d828c4fa80
 Prev Bits: [0x000002d83bef0000, 0x000002d83d678000)
 Next Bits: [0x000002d83d680000, 0x000002d83ee08000)

Polling page: 0x000002d826b20000

Metaspace:

Usage:
  Non-class:     35.28 MB used.
      Class:      4.52 MB used.
       Both:     39.80 MB used.

Virtual space:
  Non-class space:       64.00 MB reserved,      35.50 MB ( 55%) committed,  1 nodes.
      Class space:        1.00 GB reserved,       4.75 MB ( <1%) committed,  1 nodes.
             Both:        1.06 GB reserved,      40.25 MB (  4%) committed. 

Chunk freelists:
   Non-Class:  12.33 MB
       Class:  11.09 MB
        Both:  23.42 MB

MaxMetaspaceSize: unlimited
CompressedClassSpaceSize: 1.00 GB
Initial GC threshold: 21.00 MB
Current GC threshold: 58.75 MB
CDS: off
MetaspaceReclaimPolicy: balanced
 - commit_granule_bytes: 65536.
 - commit_granule_words: 8192.
 - virtual_space_node_default_size: 8388608.
 - enlarge_chunks_in_place: 1.
 - new_chunks_are_fully_committed: 0.
 - uncommit_free_chunks: 1.
 - use_allocation_guard: 0.
 - handle_deallocations: 1.


Internal statistics:

num_allocs_failed_limit: 6.
num_arena_births: 576.
num_arena_deaths: 0.
num_vsnodes_births: 2.
num_vsnodes_deaths: 0.
num_space_committed: 644.
num_space_uncommitted: 0.
num_chunks_returned_to_freelist: 6.
num_chunks_taken_from_freelist: 1609.
num_chunk_merges: 3.
num_chunk_splits: 1001.
num_chunks_enlarged: 644.
num_inconsistent_stats: 0.

CodeHeap 'non-profiled nmethods': size=120000Kb used=2763Kb max_used=2763Kb free=117237Kb
 bounds [0x000002d833d90000, 0x000002d834050000, 0x000002d83b2c0000]
CodeHeap 'profiled nmethods': size=120000Kb used=12274Kb max_used=12274Kb free=107725Kb
 bounds [0x000002d82c2c0000, 0x000002d82cec0000, 0x000002d8337f0000]
CodeHeap 'non-nmethods': size=5760Kb used=1291Kb max_used=1335Kb free=4468Kb
 bounds [0x000002d8337f0000, 0x000002d833a60000, 0x000002d833d90000]
 total_blobs=6363 nmethods=5752 adapters=523
 compilation: enabled
              stopped_count=0, restarted_count=0
 full_count=0

Compilation events (20 events):
Event: 112.224 Thread 0x000002d8418b52d0 5749       4       java.lang.AbstractStringBuilder::putStringAt (12 bytes)
Event: 112.228 Thread 0x000002d8418b52d0 nmethod 5749 0x000002d834041710 code [0x000002d8340418a0, 0x000002d834041bc8]
Event: 112.228 Thread 0x000002d8418b52d0 5750       4       java.lang.AbstractStringBuilder::putStringAt (34 bytes)
Event: 112.231 Thread 0x000002d8418b52d0 nmethod 5750 0x000002d834041e10 code [0x000002d834041fa0, 0x000002d8340422c8]
Event: 112.247 Thread 0x000002d8419206f0 5751       1       java.lang.Thread::getName (5 bytes)
Event: 112.248 Thread 0x000002d8419206f0 nmethod 5751 0x000002d834042490 code [0x000002d834042620, 0x000002d8340426f8]
Event: 112.249 Thread 0x000002d8419206f0 5752  s    3       jdk.internal.net.http.HttpClientImpl$SelectorManager::register (20 bytes)
Event: 112.250 Thread 0x000002d8419206f0 nmethod 5752 0x000002d82ceb5490 code [0x000002d82ceb5640, 0x000002d82ceb58f8]
Event: 115.294 Thread 0x000002d8419206f0 5753       3       java.lang.Long::compare (22 bytes)
Event: 115.294 Thread 0x000002d8419206f0 nmethod 5753 0x000002d82ceb5a10 code [0x000002d82ceb5bc0, 0x000002d82ceb5db8]
Event: 115.300 Thread 0x000002d8419206f0 5754       3       java.util.stream.MatchOps::makeRef (29 bytes)
Event: 115.302 Thread 0x000002d8419206f0 nmethod 5754 0x000002d82ceb5e90 code [0x000002d82ceb60e0, 0x000002d82ceb6bc8]
Event: 115.302 Thread 0x000002d8419206f0 5755       3       java.util.stream.MatchOps$$Lambda$102/0x000000010012f728::<init> (15 bytes)
Event: 115.303 Thread 0x000002d8419206f0 nmethod 5755 0x000002d82ceb6f90 code [0x000002d82ceb7140, 0x000002d82ceb7358]
Event: 115.305 Thread 0x000002d8419206f0 5756       3       java.lang.reflect.Field::get (29 bytes)
Event: 115.307 Thread 0x000002d8419206f0 nmethod 5756 0x000002d82ceb7410 code [0x000002d82ceb75e0, 0x000002d82ceb7998]
Event: 115.313 Thread 0x000002d8419206f0 5758       3       org.testng.collections.Objects$ToStringHelper::add (25 bytes)
Event: 115.314 Thread 0x000002d8419206f0 nmethod 5758 0x000002d82ceb7b10 code [0x000002d82ceb7d20, 0x000002d82ceb8448]
Event: 115.314 Thread 0x000002d8419206f0 5759       3       org.testng.shaded.com.google.gson.internal.Excluder::excludeField (226 bytes)
Event: 115.315 Thread 0x000002d8418b52d0 5762       4       java.lang.String::trim (35 bytes)

GC Heap History (20 events):
Event: 25.727 GC heap before
{Heap before GC invocations=4 (full 0):
 garbage-first heap   total 37888K, used 10182K [0x00000000a1e00000, 0x0000000100000000)
  region size 1024K, 5 young (5120K), 4 survivors (4096K)
 Metaspace       used 25853K, committed 26176K, reserved 1114112K
  class space    used 2860K, committed 3008K, reserved 1048576K
}
Event: 25.732 GC heap after
{Heap after GC invocations=5 (full 0):
 garbage-first heap   total 37888K, used 10271K [0x00000000a1e00000, 0x0000000100000000)
  region size 1024K, 1 young (1024K), 1 survivors (1024K)
 Metaspace       used 25853K, committed 26176K, reserved 1114112K
  class space    used 2860K, committed 3008K, reserved 1048576K
}
Event: 27.129 GC heap before
{Heap before GC invocations=5 (full 0):
 garbage-first heap   total 37888K, used 25631K [0x00000000a1e00000, 0x0000000100000000)
  region size 1024K, 16 young (16384K), 1 survivors (1024K)
 Metaspace       used 28756K, committed 29120K, reserved 1114112K
  class space    used 3315K, committed 3456K, reserved 1048576K
}
Event: 27.131 GC heap after
{Heap after GC invocations=6 (full 0):
 garbage-first heap   total 37888K, used 10865K [0x00000000a1e00000, 0x0000000100000000)
  region size 1024K, 2 young (2048K), 2 survivors (2048K)
 Metaspace       used 28756K, committed 29120K, reserved 1114112K
  class space    used 3315K, committed 3456K, reserved 1048576K
}
Event: 29.046 GC heap before
{Heap before GC invocations=6 (full 0):
 garbage-first heap   total 37888K, used 26225K [0x00000000a1e00000, 0x0000000100000000)
  region size 1024K, 17 young (17408K), 2 survivors (2048K)
 Metaspace       used 32981K, committed 33344K, reserved 1114112K
  class space    used 3809K, committed 3968K, reserved 1048576K
}
Event: 29.051 GC heap after
{Heap after GC invocations=7 (full 0):
 garbage-first heap   total 37888K, used 12595K [0x00000000a1e00000, 0x0000000100000000)
  region size 1024K, 3 young (3072K), 3 survivors (3072K)
 Metaspace       used 32981K, committed 33344K, reserved 1114112K
  class space    used 3809K, committed 3968K, reserved 1048576K
}
Event: 29.939 GC heap before
{Heap before GC invocations=7 (full 0):
 garbage-first heap   total 37888K, used 26931K [0x00000000a1e00000, 0x0000000100000000)
  region size 1024K, 17 young (17408K), 3 survivors (3072K)
 Metaspace       used 35270K, committed 35648K, reserved 1114112K
  class space    used 4111K, committed 4288K, reserved 1048576K
}
Event: 29.944 GC heap after
{Heap after GC invocations=8 (full 0):
 garbage-first heap   total 37888K, used 13361K [0x00000000a1e00000, 0x0000000100000000)
  region size 1024K, 1 young (1024K), 1 survivors (1024K)
 Metaspace       used 35270K, committed 35648K, reserved 1114112K
  class space    used 4111K, committed 4288K, reserved 1048576K
}
Event: 29.988 GC heap before
{Heap before GC invocations=8 (full 0):
 garbage-first heap   total 37888K, used 27697K [0x00000000a1e00000, 0x0000000100000000)
  region size 1024K, 15 young (15360K), 1 survivors (1024K)
 Metaspace       used 35270K, committed 35648K, reserved 1114112K
  class space    used 4111K, committed 4288K, reserved 1048576K
}
Event: 29.990 GC heap after
{Heap after GC invocations=9 (full 0):
 garbage-first heap   total 37888K, used 13542K [0x00000000a1e00000, 0x0000000100000000)
  region size 1024K, 1 young (1024K), 1 survivors (1024K)
 Metaspace       used 35270K, committed 35648K, reserved 1114112K
  class space    used 4111K, committed 4288K, reserved 1048576K
}
Event: 30.029 GC heap before
{Heap before GC invocations=9 (full 0):
 garbage-first heap   total 37888K, used 28902K [0x00000000a1e00000, 0x0000000100000000)
  region size 1024K, 16 young (16384K), 1 survivors (1024K)
 Metaspace       used 35270K, committed 35648K, reserved 1114112K
  class space    used 4111K, committed 4288K, reserved 1048576K
}
Event: 30.032 GC heap after
{Heap after GC invocations=10 (full 0):
 garbage-first heap   total 37888K, used 14061K [0x00000000a1e00000, 0x0000000100000000)
  region size 1024K, 2 young (2048K), 2 survivors (2048K)
 Metaspace       used 35270K, committed 35648K, reserved 1114112K
  class space    used 4111K, committed 4288K, reserved 1048576K
}
Event: 30.229 GC heap before
{Heap before GC invocations=10 (full 0):
 garbage-first heap   total 37888K, used 21229K [0x00000000a1e00000, 0x0000000100000000)
  region size 1024K, 10 young (10240K), 2 survivors (2048K)
 Metaspace       used 35658K, committed 35968K, reserved 1114112K
  class space    used 4146K, committed 4288K, reserved 1048576K
}
Event: 30.233 GC heap after
{Heap after GC invocations=11 (full 0):
 garbage-first heap   total 60416K, used 14365K [0x00000000a1e00000, 0x0000000100000000)
  region size 1024K, 2 young (2048K), 2 survivors (2048K)
 Metaspace       used 35658K, committed 35968K, reserved 1114112K
  class space    used 4146K, committed 4288K, reserved 1048576K
}
Event: 93.198 GC heap before
{Heap before GC invocations=12 (full 0):
 garbage-first heap   total 55296K, used 44061K [0x00000000a1e00000, 0x0000000100000000)
  region size 1024K, 31 young (31744K), 2 survivors (2048K)
 Metaspace       used 39627K, committed 40064K, reserved 1114112K
  class space    used 4608K, committed 4800K, reserved 1048576K
}
Event: 93.220 GC heap after
{Heap after GC invocations=13 (full 0):
 garbage-first heap   total 55296K, used 15529K [0x00000000a1e00000, 0x0000000100000000)
  region size 1024K, 3 young (3072K), 3 survivors (3072K)
 Metaspace       used 39627K, committed 40064K, reserved 1114112K
  class space    used 4608K, committed 4800K, reserved 1048576K
}
Event: 98.159 GC heap before
{Heap before GC invocations=13 (full 0):
 garbage-first heap   total 55296K, used 41129K [0x00000000a1e00000, 0x0000000100000000)
  region size 1024K, 29 young (29696K), 3 survivors (3072K)
 Metaspace       used 40220K, committed 40704K, reserved 1114112K
  class space    used 4615K, committed 4864K, reserved 1048576K
}
Event: 98.171 GC heap after
{Heap after GC invocations=14 (full 0):
 garbage-first heap   total 55296K, used 15795K [0x00000000a1e00000, 0x0000000100000000)
  region size 1024K, 3 young (3072K), 3 survivors (3072K)
 Metaspace       used 40220K, committed 40704K, reserved 1114112K
  class space    used 4615K, committed 4864K, reserved 1048576K
}
Event: 101.037 GC heap before
{Heap before GC invocations=14 (full 0):
 garbage-first heap   total 55296K, used 41395K [0x00000000a1e00000, 0x0000000100000000)
  region size 1024K, 29 young (29696K), 3 survivors (3072K)
 Metaspace       used 40570K, committed 41024K, reserved 1114112K
  class space    used 4626K, committed 4864K, reserved 1048576K
}
Event: 101.043 GC heap after
{Heap after GC invocations=15 (full 0):
 garbage-first heap   total 55296K, used 15735K [0x00000000a1e00000, 0x0000000100000000)
  region size 1024K, 3 young (3072K), 3 survivors (3072K)
 Metaspace       used 40570K, committed 41024K, reserved 1114112K
  class space    used 4626K, committed 4864K, reserved 1048576K
}

Dll operation events (9 events):
Event: 0.212 Loaded shared library C:\Users\2303984\.p2\pool\plugins\org.eclipse.justj.openjdk.hotspot.jre.full.win32.x86_64_17.0.9.v20231028-0858\jre\bin\java.dll
Event: 0.968 Loaded shared library C:\Users\2303984\.p2\pool\plugins\org.eclipse.justj.openjdk.hotspot.jre.full.win32.x86_64_17.0.9.v20231028-0858\jre\bin\net.dll
Event: 0.976 Loaded shared library C:\Users\2303984\.p2\pool\plugins\org.eclipse.justj.openjdk.hotspot.jre.full.win32.x86_64_17.0.9.v20231028-0858\jre\bin\nio.dll
Event: 1.054 Loaded shared library C:\Users\2303984\.p2\pool\plugins\org.eclipse.justj.openjdk.hotspot.jre.full.win32.x86_64_17.0.9.v20231028-0858\jre\bin\zip.dll
Event: 1.747 Loaded shared library C:\Users\2303984\.p2\pool\plugins\org.eclipse.justj.openjdk.hotspot.jre.full.win32.x86_64_17.0.9.v20231028-0858\jre\bin\jimage.dll
Event: 3.250 Loaded shared library C:\Users\2303984\.p2\pool\plugins\org.eclipse.justj.openjdk.hotspot.jre.full.win32.x86_64_17.0.9.v20231028-0858\jre\bin\verify.dll
Event: 8.065 Loaded shared library C:\Users\2303984\.p2\pool\plugins\org.eclipse.justj.openjdk.hotspot.jre.full.win32.x86_64_17.0.9.v20231028-0858\jre\bin\sunmscapi.dll
Event: 27.837 Loaded shared library C:\Users\2303984\.p2\pool\plugins\org.eclipse.justj.openjdk.hotspot.jre.full.win32.x86_64_17.0.9.v20231028-0858\jre\bin\management.dll
Event: 27.887 Loaded shared library C:\Users\2303984\.p2\pool\plugins\org.eclipse.justj.openjdk.hotspot.jre.full.win32.x86_64_17.0.9.v20231028-0858\jre\bin\management_ext.dll

Deoptimization events (20 events):
Event: 99.625 Thread 0x000002d828c045b0 Uncommon trap: trap_request=0xffffffde fr.pc=0x000002d833f32c7c relative=0x000000000000015c
Event: 99.625 Thread 0x000002d828c045b0 Uncommon trap: reason=class_check action=maybe_recompile pc=0x000002d833f32c7c method=org.apache.xmlbeans.impl.store.CharUtil.isValid(Ljava/lang/Object;II)Z @ 64 c2
Event: 99.625 Thread 0x000002d828c045b0 DEOPT PACKING pc=0x000002d833f32c7c sp=0x000000e36d1fce60
Event: 99.625 Thread 0x000002d828c045b0 DEOPT UNPACKING pc=0x000002d8338469a3 sp=0x000000e36d1fcdf0 mode 2
Event: 101.593 Thread 0x000002d828c045b0 Uncommon trap: trap_request=0xffffffc6 fr.pc=0x000002d83400a46c relative=0x000000000000058c
Event: 101.593 Thread 0x000002d828c045b0 Uncommon trap: reason=bimorphic_or_optimized_type_check action=maybe_recompile pc=0x000002d83400a46c method=java.util.regex.Pattern$Begin.match(Ljava/util/regex/Matcher;ILjava/lang/CharSequence;)Z @ 30 c2
Event: 101.593 Thread 0x000002d828c045b0 DEOPT PACKING pc=0x000002d83400a46c sp=0x000000e36d1fd920
Event: 101.593 Thread 0x000002d828c045b0 DEOPT UNPACKING pc=0x000002d8338469a3 sp=0x000000e36d1fd7c0 mode 2
Event: 101.593 Thread 0x000002d828c045b0 Uncommon trap: trap_request=0xffffffc6 fr.pc=0x000002d83400a46c relative=0x000000000000058c
Event: 101.593 Thread 0x000002d828c045b0 Uncommon trap: reason=bimorphic_or_optimized_type_check action=maybe_recompile pc=0x000002d83400a46c method=java.util.regex.Pattern$Begin.match(Ljava/util/regex/Matcher;ILjava/lang/CharSequence;)Z @ 30 c2
Event: 101.593 Thread 0x000002d828c045b0 DEOPT PACKING pc=0x000002d83400a46c sp=0x000000e36d1fd920
Event: 101.593 Thread 0x000002d828c045b0 DEOPT UNPACKING pc=0x000002d8338469a3 sp=0x000000e36d1fd7c0 mode 2
Event: 101.594 Thread 0x000002d828c045b0 Uncommon trap: trap_request=0xffffffc6 fr.pc=0x000002d83400a46c relative=0x000000000000058c
Event: 101.594 Thread 0x000002d828c045b0 Uncommon trap: reason=bimorphic_or_optimized_type_check action=maybe_recompile pc=0x000002d83400a46c method=java.util.regex.Pattern$Begin.match(Ljava/util/regex/Matcher;ILjava/lang/CharSequence;)Z @ 30 c2
Event: 101.594 Thread 0x000002d828c045b0 DEOPT PACKING pc=0x000002d83400a46c sp=0x000000e36d1fd8a0
Event: 101.595 Thread 0x000002d828c045b0 DEOPT UNPACKING pc=0x000002d8338469a3 sp=0x000000e36d1fd740 mode 2
Event: 101.595 Thread 0x000002d828c045b0 Uncommon trap: trap_request=0xffffffc6 fr.pc=0x000002d83400a46c relative=0x000000000000058c
Event: 101.595 Thread 0x000002d828c045b0 Uncommon trap: reason=bimorphic_or_optimized_type_check action=maybe_recompile pc=0x000002d83400a46c method=java.util.regex.Pattern$Begin.match(Ljava/util/regex/Matcher;ILjava/lang/CharSequence;)Z @ 30 c2
Event: 101.595 Thread 0x000002d828c045b0 DEOPT PACKING pc=0x000002d83400a46c sp=0x000000e36d1fd8a0
Event: 101.595 Thread 0x000002d828c045b0 DEOPT UNPACKING pc=0x000002d8338469a3 sp=0x000000e36d1fd740 mode 2

Classes unloaded (0 events):
No events

Classes redefined (0 events):
No events

Internal exceptions (20 events):
Event: 26.597 Thread 0x000002d828c045b0 Exception <a 'java/lang/NoSuchMethodError'{0x00000000a38a07e8}: 'void java.lang.invoke.DirectMethodHandle$Holder.invokeStaticInit(java.lang.Object, java.lang.Object, java.lang.Object)'> (0x00000000a38a07e8) 
thrown [s\src\hotspot\share\interpreter\linkResolver.cpp, line 759]
Event: 26.729 Thread 0x000002d828c045b0 Exception <a 'java/lang/NoSuchMethodError'{0x00000000a3698378}: 'java.lang.Object java.lang.invoke.DirectMethodHandle$Holder.newInvokeSpecial(java.lang.Object, long, int, java.lang.Object)'> (0x00000000a3698378) 
thrown [s\src\hotspot\share\interpreter\linkResolver.cpp, line 759]
Event: 27.904 Thread 0x000002d828c045b0 Exception <a 'java/lang/IncompatibleClassChangeError'{0x00000000a3b74050}: Found class java.lang.Object, but interface was expected> (0x00000000a3b74050) 
thrown [s\src\hotspot\share\interpreter\linkResolver.cpp, line 826]
Event: 28.314 Thread 0x000002d828c045b0 Exception <a 'java/lang/NoSuchMethodError'{0x00000000a3812948}: 'void java.lang.invoke.DirectMethodHandle$Holder.invokeStaticInit(java.lang.Object)'> (0x00000000a3812948) 
thrown [s\src\hotspot\share\interpreter\linkResolver.cpp, line 759]
Event: 28.390 Thread 0x000002d828c045b0 Exception <a 'java/lang/NoSuchMethodError'{0x00000000a3894330}: 'int java.lang.invoke.DirectMethodHandle$Holder.invokeSpecial(java.lang.Object, java.lang.Object, int)'> (0x00000000a3894330) 
thrown [s\src\hotspot\share\interpreter\linkResolver.cpp, line 759]
Event: 28.722 Thread 0x000002d828c045b0 Exception <a 'java/lang/NoSuchMethodError'{0x00000000a36d5fb0}: 'void java.lang.invoke.DirectMethodHandle$Holder.invokeVirtual(java.lang.Object, java.lang.Object, java.lang.Object, java.lang.Object)'> (0x00000000a36d5fb0) 
thrown [s\src\hotspot\share\interpreter\linkResolver.cpp, line 759]
Event: 28.749 Thread 0x000002d828c045b0 Exception <a 'java/lang/NoSuchMethodError'{0x00000000a35088b0}: 'void java.lang.invoke.DirectMethodHandle$Holder.invokeStatic(java.lang.Object, java.lang.Object, java.lang.Object, int)'> (0x00000000a35088b0) 
thrown [s\src\hotspot\share\interpreter\linkResolver.cpp, line 759]
Event: 28.750 Thread 0x000002d828c045b0 Exception <a 'java/lang/NoSuchMethodError'{0x00000000a350c018}: 'void java.lang.invoke.DirectMethodHandle$Holder.invokeStaticInit(java.lang.Object, java.lang.Object, java.lang.Object, int)'> (0x00000000a350c018) 
thrown [s\src\hotspot\share\interpreter\linkResolver.cpp, line 759]
Event: 29.081 Thread 0x000002d828c045b0 Exception <a 'java/lang/NoSuchMethodError'{0x00000000a7d2a540}: 'java.lang.Object java.lang.invoke.DirectMethodHandle$Holder.invokeStatic(java.lang.Object, java.lang.Object, int, int)'> (0x00000000a7d2a540) 
thrown [s\src\hotspot\share\interpreter\linkResolver.cpp, line 759]
Event: 29.083 Thread 0x000002d828c045b0 Exception <a 'java/lang/NoSuchMethodError'{0x00000000a7d2de88}: 'java.lang.Object java.lang.invoke.DirectMethodHandle$Holder.invokeStaticInit(java.lang.Object, java.lang.Object, int, int)'> (0x00000000a7d2de88) 
thrown [s\src\hotspot\share\interpreter\linkResolver.cpp, line 759]
Event: 29.564 Thread 0x000002d828c045b0 Implicit null exception at 0x000002d833e23dbb to 0x000002d833e246bc
Event: 29.836 Thread 0x000002d828c045b0 Exception <a 'java/lang/NoSuchMethodError'{0x00000000a3aab548}: 'java.lang.Object java.lang.invoke.DirectMethodHandle$Holder.newInvokeSpecial(java.lang.Object, java.lang.Object, int, java.lang.Object)'> (0x00000000a3aab548) 
thrown [s\src\hotspot\share\interpreter\linkResolver.cpp, line 759]
Event: 31.162 Thread 0x000002d828c045b0 Implicit null exception at 0x000002d833eb57d6 to 0x000002d833eb5a40
Event: 60.410 Thread 0x000002d828c045b0 Exception <a 'java/lang/NoSuchMethodError'{0x00000000a4513298}: 'java.lang.Object java.lang.invoke.DirectMethodHandle$Holder.newInvokeSpecial(java.lang.Object, java.lang.Object, java.lang.Object, int, int)'> (0x00000000a4513298) 
thrown [s\src\hotspot\share\interpreter\linkResolver.cpp, line 759]
Event: 60.650 Thread 0x000002d828c045b0 Exception <a 'java/lang/ClassNotFoundException'{0x00000000a4339510}: com/sun/org/apache/xalan/internal/xsltc/compiler/util/spi/ErrorMessagesProvider> (0x00000000a4339510) 
thrown [s\src\hotspot\share\classfile\systemDictionary.cpp, line 256]
Event: 60.699 Thread 0x000002d828c045b0 Exception <a 'java/lang/ClassNotFoundException'{0x00000000a434dcd0}: com/sun/org/apache/xml/internal/serializer/spi/XMLEntitiesProvider> (0x00000000a434dcd0) 
thrown [s\src\hotspot\share\classfile\systemDictionary.cpp, line 256]
Event: 70.992 Thread 0x000002d828c045b0 Exception <a 'java/lang/reflect/InvocationTargetException'{0x00000000a41e3f50}> (0x00000000a41e3f50) 
thrown [s\src\hotspot\share\runtime\reflection.cpp, line 1121]
Event: 81.393 Thread 0x000002d828c045b0 Exception <a 'java/lang/reflect/InvocationTargetException'{0x00000000a3d16490}> (0x00000000a3d16490) 
thrown [s\src\hotspot\share\runtime\reflection.cpp, line 1121]
Event: 84.653 Thread 0x000002d828c045b0 Exception <a 'java/lang/NoSuchMethodError'{0x00000000a3c27538}: 'void java.lang.invoke.DirectMethodHandle$Holder.invokeSpecial(java.lang.Object, java.lang.Object, int)'> (0x00000000a3c27538) 
thrown [s\src\hotspot\share\interpreter\linkResolver.cpp, line 759]
Event: 84.655 Thread 0x000002d828c045b0 Exception <a 'java/lang/NoSuchMethodError'{0x00000000a3c2d830}: 'java.lang.Object java.lang.invoke.DirectMethodHandle$Holder.invokeSpecialIFC(java.lang.Object, java.lang.Object)'> (0x00000000a3c2d830) 
thrown [s\src\hotspot\share\interpreter\linkResolver.cpp, line 759]

VM Operations (20 events):
Event: 96.922 Executing VM operation: Cleanup
Event: 96.922 Executing VM operation: Cleanup done
Event: 97.935 Executing VM operation: Cleanup
Event: 97.936 Executing VM operation: Cleanup done
Event: 98.159 Executing VM operation: G1CollectForAllocation
Event: 98.171 Executing VM operation: G1CollectForAllocation done
Event: 99.181 Executing VM operation: Cleanup
Event: 99.182 Executing VM operation: Cleanup done
Event: 100.188 Executing VM operation: Cleanup
Event: 100.188 Executing VM operation: Cleanup done
Event: 101.037 Executing VM operation: G1CollectForAllocation
Event: 101.043 Executing VM operation: G1CollectForAllocation done
Event: 102.057 Executing VM operation: Cleanup
Event: 102.057 Executing VM operation: Cleanup done
Event: 103.070 Executing VM operation: Cleanup
Event: 103.070 Executing VM operation: Cleanup done
Event: 104.078 Executing VM operation: Cleanup
Event: 104.078 Executing VM operation: Cleanup done
Event: 109.118 Executing VM operation: Cleanup
Event: 109.119 Executing VM operation: Cleanup done

Events (20 events):
Event: 74.880 Thread 0x000002d846d7fb30 Thread exited: 0x000002d846d7fb30
Event: 74.887 Thread 0x000002d847329ae0 Thread exited: 0x000002d847329ae0
Event: 74.900 Thread 0x000002d847323fc0 Thread exited: 0x000002d847323fc0
Event: 76.320 Thread 0x000002d847730030 Thread exited: 0x000002d847730030
Event: 84.640 loading class java/lang/StringUTF16$CodePointsSpliterator
Event: 84.642 loading class java/lang/StringUTF16$CodePointsSpliterator done
Event: 84.659 loading class java/util/stream/ReduceOps$9
Event: 84.660 loading class java/util/stream/ReduceOps$9 done
Event: 84.660 loading class java/lang/CharSequence$1CodePointIterator
Event: 84.660 loading class java/util/PrimitiveIterator$OfInt
Event: 84.661 loading class java/util/PrimitiveIterator
Event: 84.661 loading class java/util/PrimitiveIterator done
Event: 84.661 loading class java/util/PrimitiveIterator$OfInt done
Event: 84.661 loading class java/lang/CharSequence$1CodePointIterator done
Event: 84.661 loading class java/util/Spliterators$IntIteratorSpliterator
Event: 84.662 loading class java/util/Spliterators$IntIteratorSpliterator done
Event: 84.662 loading class java/util/stream/ReduceOps$CountingSink$OfInt
Event: 84.663 loading class java/util/stream/ReduceOps$CountingSink$OfInt done
Event: 84.679 loading class java/util/LinkedList$LLSpliterator
Event: 84.679 loading class java/util/LinkedList$LLSpliterator done


Dynamic libraries:
0x00007ff785b10000 - 0x00007ff785b1e000 	C:\Users\2303984\.p2\pool\plugins\org.eclipse.justj.openjdk.hotspot.jre.full.win32.x86_64_17.0.9.v20231028-0858\jre\bin\javaw.exe
0x00007fffcb940000 - 0x00007fffcbb49000 	C:\Windows\SYSTEM32\ntdll.dll
0x00007fffca440000 - 0x00007fffca4fd000 	C:\Windows\System32\KERNEL32.DLL
0x00007fffc9400000 - 0x00007fffc9785000 	C:\Windows\System32\KERNELBASE.dll
0x00007fffc92e0000 - 0x00007fffc93f1000 	C:\Windows\System32\ucrtbase.dll
0x00007fffba150000 - 0x00007fffba167000 	C:\Users\2303984\.p2\pool\plugins\org.eclipse.justj.openjdk.hotspot.jre.full.win32.x86_64_17.0.9.v20231028-0858\jre\bin\jli.dll
0x00007fffba130000 - 0x00007fffba14b000 	C:\Users\2303984\.p2\pool\plugins\org.eclipse.justj.openjdk.hotspot.jre.full.win32.x86_64_17.0.9.v20231028-0858\jre\bin\VCRUNTIME140.dll
0x00007fffca220000 - 0x00007fffca3cd000 	C:\Windows\System32\USER32.dll
0x00007fffb6c60000 - 0x00007fffb6f05000 	C:\Windows\WinSxS\amd64_microsoft.windows.common-controls_6595b64144ccf1df_6.0.22000.2600_none_1b65155c6ae217ae\COMCTL32.dll
0x00007fffc9000000 - 0x00007fffc9026000 	C:\Windows\System32\win32u.dll
0x00007fffc9c10000 - 0x00007fffc9cb3000 	C:\Windows\System32\msvcrt.dll
0x00007fffcb6b0000 - 0x00007fffcb6da000 	C:\Windows\System32\GDI32.dll
0x00007fffc8dd0000 - 0x00007fffc8eee000 	C:\Windows\System32\gdi32full.dll
0x00007fffc8f60000 - 0x00007fffc8ffd000 	C:\Windows\System32\msvcp_win.dll
0x00007fffcb480000 - 0x00007fffcb4b1000 	C:\Windows\System32\IMM32.DLL
0x00007fffc8ae0000 - 0x00007fffc8c80000 	C:\Program Files\Avecto\Privilege Guard Client\PGHook.dll
0x00007fffca690000 - 0x00007fffca740000 	C:\Windows\System32\ADVAPI32.dll
0x00007fffcb3e0000 - 0x00007fffcb47e000 	C:\Windows\System32\sechost.dll
0x00007fffca760000 - 0x00007fffca882000 	C:\Windows\System32\RPCRT4.dll
0x00007fffc44f0000 - 0x00007fffc44fc000 	C:\Users\2303984\.p2\pool\plugins\org.eclipse.justj.openjdk.hotspot.jre.full.win32.x86_64_17.0.9.v20231028-0858\jre\bin\vcruntime140_1.dll
0x00007fff9e8e0000 - 0x00007fff9e96d000 	C:\Users\2303984\.p2\pool\plugins\org.eclipse.justj.openjdk.hotspot.jre.full.win32.x86_64_17.0.9.v20231028-0858\jre\bin\msvcp140.dll
0x00007fff70780000 - 0x00007fff713e1000 	C:\Users\2303984\.p2\pool\plugins\org.eclipse.justj.openjdk.hotspot.jre.full.win32.x86_64_17.0.9.v20231028-0858\jre\bin\server\jvm.dll
0x00007fffc8ca0000 - 0x00007fffc8ced000 	C:\Windows\SYSTEM32\POWRPROF.dll
0x00007fffb0750000 - 0x00007fffb0759000 	C:\Windows\SYSTEM32\WSOCK32.dll
0x00007fffcb890000 - 0x00007fffcb8ff000 	C:\Windows\System32\WS2_32.dll
0x00007fffc0d10000 - 0x00007fffc0d43000 	C:\Windows\SYSTEM32\WINMM.dll
0x00007fffbedd0000 - 0x00007fffbedda000 	C:\Windows\SYSTEM32\VERSION.dll
0x00007fffc8c80000 - 0x00007fffc8c93000 	C:\Windows\SYSTEM32\UMPDC.dll
0x00007fffc7b90000 - 0x00007fffc7ba8000 	C:\Windows\SYSTEM32\kernel.appcore.dll
0x00007fffc4530000 - 0x00007fffc453a000 	C:\Users\2303984\.p2\pool\plugins\org.eclipse.justj.openjdk.hotspot.jre.full.win32.x86_64_17.0.9.v20231028-0858\jre\bin\jimage.dll
0x00007fffc6680000 - 0x00007fffc68a1000 	C:\Windows\SYSTEM32\DBGHELP.DLL
0x00007fffb2270000 - 0x00007fffb22a1000 	C:\Windows\SYSTEM32\dbgcore.DLL
0x00007fffc90f0000 - 0x00007fffc916f000 	C:\Windows\System32\bcryptPrimitives.dll
0x00007fffb9be0000 - 0x00007fffb9c05000 	C:\Users\2303984\.p2\pool\plugins\org.eclipse.justj.openjdk.hotspot.jre.full.win32.x86_64_17.0.9.v20231028-0858\jre\bin\java.dll
0x00007fffbb130000 - 0x00007fffbb148000 	C:\Users\2303984\.p2\pool\plugins\org.eclipse.justj.openjdk.hotspot.jre.full.win32.x86_64_17.0.9.v20231028-0858\jre\bin\zip.dll
0x00007fffcac10000 - 0x00007fffcb3d5000 	C:\Windows\System32\SHELL32.dll
0x00007fffc6a30000 - 0x00007fffc7292000 	C:\Windows\SYSTEM32\windows.storage.dll
0x00007fffca890000 - 0x00007fffcac06000 	C:\Windows\System32\combase.dll
0x00007fffc68c0000 - 0x00007fffc6a27000 	C:\Windows\SYSTEM32\wintypes.dll
0x00007fffcb4c0000 - 0x00007fffcb5aa000 	C:\Windows\System32\SHCORE.dll
0x00007fffc9ed0000 - 0x00007fffc9f2d000 	C:\Windows\System32\shlwapi.dll
0x00007fffc8d00000 - 0x00007fffc8d25000 	C:\Windows\SYSTEM32\profapi.dll
0x00007fffbad50000 - 0x00007fffbad69000 	C:\Users\2303984\.p2\pool\plugins\org.eclipse.justj.openjdk.hotspot.jre.full.win32.x86_64_17.0.9.v20231028-0858\jre\bin\net.dll
0x00007fffc7bb0000 - 0x00007fffc7cc4000 	C:\Windows\SYSTEM32\WINHTTP.dll
0x00007fffc8150000 - 0x00007fffc81b7000 	C:\Windows\system32\mswsock.dll
0x00007fffba990000 - 0x00007fffba9a6000 	C:\Users\2303984\.p2\pool\plugins\org.eclipse.justj.openjdk.hotspot.jre.full.win32.x86_64_17.0.9.v20231028-0858\jre\bin\nio.dll
0x00007fffc7510000 - 0x00007fffc75f7000 	C:\Windows\SYSTEM32\DNSAPI.dll
0x00007fffc74e0000 - 0x00007fffc750d000 	C:\Windows\SYSTEM32\IPHLPAPI.DLL
0x00007fffca3d0000 - 0x00007fffca3d9000 	C:\Windows\System32\NSI.dll
0x00007fffb53e0000 - 0x00007fffb53ea000 	C:\Windows\System32\rasadhlp.dll
0x00007fffbca00000 - 0x00007fffbca81000 	C:\Windows\System32\fwpuclnt.dll
0x00007fffc8390000 - 0x00007fffc83a8000 	C:\Windows\SYSTEM32\CRYPTSP.dll
0x00007fffc7af0000 - 0x00007fffc7b25000 	C:\Windows\system32\rsaenh.dll
0x00007fffc8240000 - 0x00007fffc826c000 	C:\Windows\SYSTEM32\USERENV.dll
0x00007fffc8510000 - 0x00007fffc8537000 	C:\Windows\SYSTEM32\bcrypt.dll
0x00007fffc83b0000 - 0x00007fffc83bc000 	C:\Windows\SYSTEM32\CRYPTBASE.dll
0x00007fffbfdd0000 - 0x00007fffbfde9000 	C:\Windows\SYSTEM32\dhcpcsvc6.DLL
0x00007fffc0c90000 - 0x00007fffc0cae000 	C:\Windows\SYSTEM32\dhcpcsvc.DLL
0x00007fffc4460000 - 0x00007fffc4470000 	C:\Users\2303984\.p2\pool\plugins\org.eclipse.justj.openjdk.hotspot.jre.full.win32.x86_64_17.0.9.v20231028-0858\jre\bin\verify.dll
0x00007fffc9fc0000 - 0x00007fffc9fc8000 	C:\Windows\System32\psapi.dll
0x00007fffbb5e0000 - 0x00007fffbb5ee000 	C:\Users\2303984\.p2\pool\plugins\org.eclipse.justj.openjdk.hotspot.jre.full.win32.x86_64_17.0.9.v20231028-0858\jre\bin\sunmscapi.dll
0x00007fffc9170000 - 0x00007fffc92d2000 	C:\Windows\System32\CRYPT32.dll
0x00007fffc84e0000 - 0x00007fffc8508000 	C:\Windows\SYSTEM32\ncrypt.dll
0x00007fffc84a0000 - 0x00007fffc84d7000 	C:\Windows\SYSTEM32\NTASN1.dll
0x00007fffbed00000 - 0x00007fffbed08000 	C:\Windows\system32\wshunix.dll
0x00007fffb7710000 - 0x00007fffb7727000 	C:\Windows\system32\napinsp.dll
0x00007fffb76f0000 - 0x00007fffb770b000 	C:\Windows\system32\pnrpnsp.dll
0x00007fffb76d0000 - 0x00007fffb76e2000 	C:\Windows\System32\winrnr.dll
0x00007fffb73a0000 - 0x00007fffb73b5000 	C:\Windows\system32\wshbth.dll
0x00007fffb7380000 - 0x00007fffb739f000 	C:\Windows\system32\nlansp_c.dll
0x00007fffc44b0000 - 0x00007fffc44b9000 	C:\Users\2303984\.p2\pool\plugins\org.eclipse.justj.openjdk.hotspot.jre.full.win32.x86_64_17.0.9.v20231028-0858\jre\bin\management.dll
0x00007fffc44a0000 - 0x00007fffc44ab000 	C:\Users\2303984\.p2\pool\plugins\org.eclipse.justj.openjdk.hotspot.jre.full.win32.x86_64_17.0.9.v20231028-0858\jre\bin\management_ext.dll

dbghelp: loaded successfully - version: 4.0.5 - missing functions: none
symbol engine: initialized successfully - sym options: 0x614 - pdb path: .;C:\Users\2303984\.p2\pool\plugins\org.eclipse.justj.openjdk.hotspot.jre.full.win32.x86_64_17.0.9.v20231028-0858\jre\bin;C:\Windows\SYSTEM32;C:\Windows\WinSxS\amd64_microsoft.windows.common-controls_6595b64144ccf1df_6.0.22000.2600_none_1b65155c6ae217ae;C:\Program Files\Avecto\Privilege Guard Client;C:\Users\2303984\.p2\pool\plugins\org.eclipse.justj.openjdk.hotspot.jre.full.win32.x86_64_17.0.9.v20231028-0858\jre\bin\server

VM Arguments:
jvm_args: -ea -Dfile.encoding=UTF-8 -XX:+ShowCodeDetailsInExceptionMessages 
java_command: org.testng.remote.RemoteTestNG -serport 57135 -protocol json -d C:\Users\2303984\eclipse-workspace\HackathonProject\test-output C:\Users\2303984\AppData\Local\Temp\10\testng-eclipse--634428750\testng-customsuite.xml
java_class_path (initial): C:\Users\2303984\eclipse\java-2022-094\eclipse\configuration\org.eclipse.osgi\440\0\.cp\lib\testng-remote.jar;C:\Users\2303984\eclipse-workspace\HackathonProject\target\test-classes;C:\Users\2303984\eclipse-workspace\HackathonProject\target\classes;C:\Users\2303984\.m2\repository\org\seleniumhq\selenium\selenium-java\4.17.0\selenium-java-4.17.0.jar;C:\Users\2303984\.m2\repository\org\seleniumhq\selenium\selenium-api\4.17.0\selenium-api-4.17.0.jar;C:\Users\2303984\.m2\repository\org\seleniumhq\selenium\selenium-chrome-driver\4.17.0\selenium-chrome-driver-4.17.0.jar;C:\Users\2303984\.m2\repository\com\google\auto\service\auto-service-annotations\1.1.1\auto-service-annotations-1.1.1.jar;C:\Users\2303984\.m2\repository\org\seleniumhq\selenium\selenium-chromium-driver\4.17.0\selenium-chromium-driver-4.17.0.jar;C:\Users\2303984\.m2\repository\org\seleniumhq\selenium\selenium-json\4.17.0\selenium-json-4.17.0.jar;C:\Users\2303984\.m2\repository\org\seleniumhq\selenium\selenium-manager\4.17.0\selenium-manager-4.17.0.jar;C:\Users\2303984\.m2\repository\org\seleniumhq\selenium\selenium-devtools-v119\4.17.0\selenium-devtools-v119-4.17.0.jar;C:\Users\2303984\.m2\repository\org\seleniumhq\selenium\selenium-devtools-v120\4.17.0\selenium-devtools-v120-4.17.0.jar;C:\Users\2303984\.m2\repository\org\seleniumhq\selenium\selenium-devtools-v121\4.17.0\selenium-devtools-v121-4.17.0.jar;C:\Users\2303984\.m2\repository\org\seleniumhq\selenium\selenium-devtools-v85\4.17.0\selenium-devtools-v85-4.17.0.jar;C:\Users\2303984\.m2\repository\org\seleniumhq\selenium\selenium-edge-driver\4.17.0\selenium-edge-driver-4.17.0.jar;C:\Users\2303984\.m2\repository\org\seleniumhq\selenium\selenium-firefox-driver\4.17.0\selenium-firefox-driver-4.17.0.jar;C:\Users\2303984\.m2\repository\org\seleniumhq\selenium\selenium-http\4.17.0\selenium-http-4.17.0.jar;C:\Users\2303984\.m2\repository\dev\failsafe\failsafe\3.3.2\failsafe-3.3.2.jar;C:\Users\2303984\.m2\repository\org\seleniumhq\
Launcher Type: SUN_STANDARD

[Global flags]
     intx CICompilerCount                          = 4                                         {product} {ergonomic}
     uint ConcGCThreads                            = 2                                         {product} {ergonomic}
     uint G1ConcRefinementThreads                  = 8                                         {product} {ergonomic}
   size_t G1HeapRegionSize                         = 1048576                                   {product} {ergonomic}
    uintx GCDrainStackTargetSize                   = 64                                        {product} {ergonomic}
   size_t InitialHeapSize                          = 100663296                                 {product} {ergonomic}
   size_t MarkStackSize                            = 4194304                                   {product} {ergonomic}
   size_t MaxHeapSize                              = 1579155456                                {product} {ergonomic}
   size_t MaxNewSize                               = 946864128                                 {product} {ergonomic}
   size_t MinHeapDeltaBytes                        = 1048576                                   {product} {ergonomic}
   size_t MinHeapSize                              = 8388608                                   {product} {ergonomic}
    uintx NonNMethodCodeHeapSize                   = 5839372                                {pd product} {ergonomic}
    uintx NonProfiledCodeHeapSize                  = 122909434                              {pd product} {ergonomic}
    uintx ProfiledCodeHeapSize                     = 122909434                              {pd product} {ergonomic}
    uintx ReservedCodeCacheSize                    = 251658240                              {pd product} {ergonomic}
     bool SegmentedCodeCache                       = true                                      {product} {ergonomic}
     bool ShowCodeDetailsInExceptionMessages       = true                                   {manageable} {command line}
   size_t SoftMaxHeapSize                          = 1579155456                             {manageable} {ergonomic}
     bool UseCompressedClassPointers               = true                           {product lp64_product} {ergonomic}
     bool UseCompressedOops                        = true                           {product lp64_product} {ergonomic}
     bool UseG1GC                                  = true                                      {product} {ergonomic}
     bool UseLargePagesIndividualAllocation        = false                                  {pd product} {ergonomic}

Logging:
Log output configuration:
 #0: stdout all=warning uptime,level,tags
 #1: stderr all=off uptime,level,tags

Environment Variables:
PATH=C:/Users/2303984/.p2/pool/plugins/org.eclipse.justj.openjdk.hotspot.jre.full.win32.x86_64_17.0.9.v20231028-0858/jre/bin/server;C:/Users/2303984/.p2/pool/plugins/org.eclipse.justj.openjdk.hotspot.jre.full.win32.x86_64_17.0.9.v20231028-0858/jre/bin;C:\Program Files\Common Files\Oracle\Java\javapath;C:\Program Files\Zulu\zulu-17\bin\;C:\Windows\system32;C:\Windows;C:\Windows\System32\Wbem;C:\Windows\System32\WindowsPowerShell\v1.0\;C:\Windows\System32\OpenSSH\;C:\Program Files\Git\cmd;C:\Users\2303984\AppData\Local\Microsoft\WindowsApps;;C:\Windows\System32;
USERNAME=2303984
OS=Windows_NT
PROCESSOR_IDENTIFIER=AMD64 Family 23 Model 24 Stepping 1, AuthenticAMD
TMP=C:\Users\2303984\AppData\Local\Temp\10
TEMP=C:\Users\2303984\AppData\Local\Temp\10



Periodic native trim disabled


---------------  S Y S T E M  ---------------

OS:
 Windows 11 , 64 bit Build 22000 (10.0.22000.2600)
OS uptime: 10 days 23:54 hours

CPU: total 8 (initial active 8) (8 cores per cpu, 2 threads per core) family 23 model 24 stepping 1 microcode 0x0, cx8, cmov, fxsr, ht, mmx, 3dnowpref, sse, sse2, sse3, ssse3, sse4a, sse4.1, sse4.2, popcnt, lzcnt, tsc, tscinvbit, avx, avx2, aes, clmul, bmi1, bmi2, adx, sha, fma, vzeroupper, clflush, clflushopt
Processor Information for all 8 processors :
  Max Mhz: 2100, Current Mhz: 2100, Mhz Limit: 2100

Memory: 4k page, system-wide physical 6022M (524M free)
TotalPageFile size 22406M (AvailPageFile size 0M)
current process WorkingSet (physical memory assigned to process): 104M, peak: 166M
current process commit charge ("private bytes"): 194M, peak: 219M

vm_info: OpenJDK 64-Bit Server VM (17.0.9+9) for windows-amd64 JRE (17.0.9+9), built on Oct 26 2023 14:01:42 by "admin" with MS VC++ 16.10 / 16.11 (VS2019)

END.
