12:29:45.463 [main] INFO  identifyCourses.main - passed langlist
12:29:59.136 [main] INFO  identifyCourses.main - passed levelist
12:31:28.917 [main] INFO  identifyCourses.main - passed homepage
12:31:46.379 [main] INFO  identifyCourses.main - passed form
12:39:03.247 [main] INFO  identifyCourses.main - passed search
12:39:24.878 [main] INFO  identifyCourses.main - passed lang
12:39:42.830 [main] INFO  identifyCourses.main - passed level
12:39:53.516 [main] INFO  identifyCourses.main - Failedcourse1
12:40:03.922 [main] INFO  identifyCourses.main - Failedcourse2
12:40:11.270 [main] INFO  identifyCourses.main - passed langlearn
12:40:35.527 [main] INFO  identifyCourses.main - passed langlist
12:40:49.183 [main] INFO  identifyCourses.main - passed levelist
12:41:14.887 [main] INFO  identifyCourses.main - Failedhomepage
12:41:24.945 [main] INFO  identifyCourses.main - Failedform
12:51:47.927 [main] INFO  identifyCourses.main - Failedsearch
12:52:02.981 [main] INFO  identifyCourses.main - Failedlang
12:52:13.011 [main] INFO  identifyCourses.main - Failedlevel
12:52:21.969 [main] INFO  identifyCourses.main - Failedcourse1
12:52:32.303 [main] INFO  identifyCourses.main - Failedcourse2
12:53:03.884 [main] INFO  identifyCourses.main - passed langlearn
12:53:31.097 [main] INFO  identifyCourses.main - passed langlist
12:53:44.927 [main] INFO  identifyCourses.main - passed levelist
12:55:16.446 [main] INFO  identifyCourses.main - passed homepage
12:55:34.837 [main] INFO  identifyCourses.main - passed form
12:57:59.109 [main] INFO  identifyCourses.main - passed search
12:58:21.408 [main] INFO  identifyCourses.main - passed lang
12:58:39.231 [main] INFO  identifyCourses.main - passed level
12:58:40.070 [main] INFO  identifyCourses.main - passed course1
12:58:40.862 [main] INFO  identifyCourses.main - passed course2
12:58:48.855 [main] INFO  identifyCourses.main - passed langlearn
12:59:13.006 [main] INFO  identifyCourses.main - passed langlist
12:59:26.687 [main] INFO  identifyCourses.main - passed levelist
13:00:57.345 [main] INFO  identifyCourses.main - passed homepage
13:01:14.607 [main] INFO  identifyCourses.main - passed form
15:42:44.923 [main] INFO  identifyCourses.main - Failedsearch
15:43:25.151 [main] INFO  identifyCourses.main - Failedlang
15:43:35.238 [main] INFO  identifyCourses.main - Failedlevel
15:43:46.548 [main] INFO  identifyCourses.main - Failedcourse1
15:43:55.782 [main] INFO  identifyCourses.main - Failedcourse2
15:43:55.803 [main] INFO  identifyCourses.main - Failedlanglearn
15:44:00.833 [main] INFO  identifyCourses.main - Failedlanglist
15:44:06.871 [main] INFO  identifyCourses.main - Failedlevelist
15:44:06.896 [main] INFO  identifyCourses.main - Failedhomepage
15:44:07.004 [main] INFO  identifyCourses.main - Failedform
15:45:22.076 [main] INFO  identifyCourses.main - passed search
15:45:43.699 [main] INFO  identifyCourses.main - passed lang
15:46:01.520 [main] INFO  identifyCourses.main - passed level
15:46:02.388 [main] INFO  identifyCourses.main - passed course1
15:46:03.109 [main] INFO  identifyCourses.main - passed course2
15:46:10.201 [main] INFO  identifyCourses.main - passed langlearn
15:46:34.252 [main] INFO  identifyCourses.main - passed langlist
15:46:48.003 [main] INFO  identifyCourses.main - passed levelist
15:47:22.919 [main] INFO  identifyCourses.main - passed homepage
15:47:41.116 [main] INFO  identifyCourses.main - passed form
17:18:01.388 [main] INFO  identifyCourses.main - passed search
17:18:23.495 [main] INFO  identifyCourses.main - passed lang
17:18:41.685 [main] INFO  identifyCourses.main - passed level
17:18:52.269 [main] INFO  identifyCourses.main - Failedcourse1
17:19:02.574 [main] INFO  identifyCourses.main - Failedcourse2
17:19:10.493 [main] INFO  identifyCourses.main - passed langlearn
17:19:35.852 [main] INFO  identifyCourses.main - passed langlist
17:19:49.731 [main] INFO  identifyCourses.main - passed levelist
17:20:21.050 [main] INFO  identifyCourses.main - passed homepage
17:20:38.591 [main] INFO  identifyCourses.main - passed form
18:09:34.540 [main] INFO  identifyCourses.main - passed search
18:09:49.602 [main] INFO  identifyCourses.main - Failedlang
18:10:07.520 [main] INFO  identifyCourses.main - passed level
18:10:07.686 [main] INFO  identifyCourses.main - Failedcourse1
18:10:07.837 [main] INFO  identifyCourses.main - Failedcourse2
18:10:15.233 [main] INFO  identifyCourses.main - passed langlearn
18:10:30.298 [main] INFO  identifyCourses.main - Failedlanglist
18:10:36.420 [main] INFO  identifyCourses.main - Failedlevelist
18:10:46.449 [main] INFO  identifyCourses.main - Failedhomepage
18:10:56.590 [main] INFO  identifyCourses.main - Failedform
